<?xml version="1.0" encoding="UTF-8"?>
<!-- Generated by org.testng.reporters.JUnitXMLReporter -->
<testsuite ignored="0" hostname="INLEN8520060837" failures="0" tests="4" name="Default test" time="0.076" errors="0" timestamp="2023-08-31T01:05:34 IST">
  <testcase classname="com.testng.DependentMethods" name="log" time="0.008"/>
  <testcase classname="com.testng.DependentMethods" name="checkout" time="0.002"/>
  <testcase classname="com.testng.DependentMethods" name="addtocart" time="0.001"/>
  <testcase classname="com.testng.DependentMethods" name="search" time="0.001"/>
</testsuite> <!-- Default test -->
