<?xml version="1.0" encoding="UTF-8"?>
<!-- Generated by org.testng.reporters.JUnitXMLReporter -->
<testsuite ignored="0" hostname="INLEN8520060837" failures="0" tests="3" name="Test3" time="1.364" errors="0" timestamp="2023-08-23T17:43:14 IST">
  <testcase classname="com.testng.ParametersClass" name="initializeBrowser" time="0.672"/>
  <testcase classname="com.testng.ParametersClass" name="test2" time="0.392"/>
  <testcase classname="com.testng.ParametersClass" name="teardown" time="0.281"/>
</testsuite> <!-- Test3 -->
