<?xml version="1.0" encoding="UTF-8"?>
<!-- Generated by org.testng.reporters.JUnitXMLReporter -->
<testsuite ignored="0" hostname="INLEN8520060837" failures="2" tests="12" name="Test" time="0.102" errors="0" timestamp="2023-08-25T16:29:15 IST">
  <testcase classname="com.listener.Demo2" name="log" time="0.021">
    <skipped/>
  </testcase> <!-- log -->
  <testcase classname="com.listener.Demo2" name="log" time="0.001">
    <skipped/>
  </testcase> <!-- log -->
  <testcase classname="com.listener.Demo2" name="log" time="0.001">
    <skipped/>
  </testcase> <!-- log -->
  <testcase classname="com.listener.Demo2" name="log" time="0.001">
    <skipped/>
  </testcase> <!-- log -->
  <testcase classname="com.listener.Demo2" name="log" time="0.001">
    <failure type="java.lang.AssertionError" message="expected [true] but found [false]">
      <![CDATA[java.lang.AssertionError: expected [true] but found [false]
at com.listener.Demo2.log(Demo2.java:11)
at java.base/java.util.ArrayList.forEach(ArrayList.java:1511)
... Removed 34 stack frames]]>
    </failure>
  </testcase> <!-- log -->
  <testcase classname="com.listener.Demo2" name="search" time="0.002">
    <skipped/>
  </testcase> <!-- search -->
  <testcase classname="com.listener.Demo2" name="search" time="0.001">
    <skipped/>
  </testcase> <!-- search -->
  <testcase classname="com.listener.Demo2" name="search" time="0.001">
    <skipped/>
  </testcase> <!-- search -->
  <testcase classname="com.listener.Demo2" name="search" time="0.001">
    <skipped/>
  </testcase> <!-- search -->
  <testcase classname="com.listener.Demo2" name="search" time="0.002">
    <failure type="java.lang.AssertionError" message="expected [true] but found [false]">
      <![CDATA[java.lang.AssertionError: expected [true] but found [false]
at com.listener.Demo2.search(Demo2.java:19)
at java.base/java.util.ArrayList.forEach(ArrayList.java:1511)
... Removed 34 stack frames]]>
    </failure>
  </testcase> <!-- search -->
  <testcase classname="com.listener.Demo2" name="addtocart" time="0.002"/>
  <testcase classname="com.listener.Demo2" name="checkout" time="0.001"/>
</testsuite> <!-- Test -->
