<?xml version="1.0" encoding="UTF-8"?>
<testng-results ignored="0" total="4" passed="4" failed="0" skipped="0">
  <reporter-output>
  </reporter-output>
  <suite started-at="2023-08-31T01:05:34 IST" name="Default suite" finished-at="2023-08-31T01:05:34 IST" duration-ms="76">
    <groups>
    </groups>
    <test started-at="2023-08-31T01:05:34 IST" name="Default test" finished-at="2023-08-31T01:05:34 IST" duration-ms="76">
      <class name="com.testng.DependentMethods">
        <test-method signature="log()[pri:-1, instance:com.testng.DependentMethods@533bda92]" started-at="2023-08-31T01:05:34 IST" name="log" finished-at="2023-08-31T01:05:34 IST" duration-ms="8" status="PASS">
          <reporter-output>
          </reporter-output>
        </test-method> <!-- log -->
        <test-method signature="checkout()[pri:2, instance:com.testng.DependentMethods@533bda92]" started-at="2023-08-31T01:05:34 IST" name="checkout" finished-at="2023-08-31T01:05:34 IST" duration-ms="2" status="PASS">
          <reporter-output>
          </reporter-output>
        </test-method> <!-- checkout -->
        <test-method signature="addtocart()[pri:1, instance:com.testng.DependentMethods@533bda92]" started-at="2023-08-31T01:05:34 IST" name="addtocart" finished-at="2023-08-31T01:05:34 IST" depends-on-methods="com.testng.DependentMethods.log, com.testng.DependentMethods.checkout" duration-ms="1" status="PASS">
          <reporter-output>
          </reporter-output>
        </test-method> <!-- addtocart -->
        <test-method signature="search()[pri:0, instance:com.testng.DependentMethods@533bda92]" started-at="2023-08-31T01:05:34 IST" name="search" finished-at="2023-08-31T01:05:34 IST" depends-on-methods="com.testng.DependentMethods.addtocart" duration-ms="1" status="PASS">
          <reporter-output>
          </reporter-output>
        </test-method> <!-- search -->
      </class> <!-- com.testng.DependentMethods -->
    </test> <!-- Default test -->
  </suite> <!-- Default suite -->
</testng-results>
